{"/Users/shubhampramanick/Documents/Projects/shubham-blog/src/assets/notfound.jpeg": {"path":"/Users/shubhampramanick/Documents/Projects/shubham-blog/src/assets/notfound.jpeg","statementMap":{"0":{"start":{"line":1,"column":0},"end":{"line":1,"column":19}}},"fnMap":{},"branchMap":{},"s":{"0":2},"f":{},"b":{},"_coverageSchema":"1a1c01bbd47fc00a2c39e90264f33305004495a9","hash":"f42b64849071686f7057494fbfe0f7c78c28321e"}
,"/Users/shubhampramanick/Documents/Projects/shubham-blog/src/assets/truecaller.svg": {"path":"/Users/shubhampramanick/Documents/Projects/shubham-blog/src/assets/truecaller.svg","statementMap":{"0":{"start":{"line":1,"column":0},"end":{"line":1,"column":19}}},"fnMap":{},"branchMap":{},"s":{"0":1},"f":{},"b":{},"_coverageSchema":"1a1c01bbd47fc00a2c39e90264f33305004495a9","hash":"f4785483bff739b6cb90af151a5e8c22b543a254"}
,"/Users/shubhampramanick/Documents/Projects/shubham-blog/src/components/BlogBanner.vue": {"path":"/Users/shubhampramanick/Documents/Projects/shubham-blog/src/components/BlogBanner.vue","statementMap":{"0":{"start":{"line":24,"column":15},"end":{"line":24,"column":17}},"1":{"start":{"line":24,"column":20},"end":{"line":24,"column":null}}},"fnMap":{},"branchMap":{},"s":{"0":1,"1":1},"f":{},"b":{}}
,"/Users/shubhampramanick/Documents/Projects/shubham-blog/src/components/BlogCard.vue": {"path":"/Users/shubhampramanick/Documents/Projects/shubham-blog/src/components/BlogCard.vue","statementMap":{"0":{"start":{"line":32,"column":15},"end":{"line":32,"column":17}},"1":{"start":{"line":32,"column":20},"end":{"line":32,"column":null}}},"fnMap":{},"branchMap":{},"s":{"0":1,"1":1},"f":{},"b":{}}
,"/Users/shubhampramanick/Documents/Projects/shubham-blog/src/layouts/BlogFooter.vue": {"path":"/Users/shubhampramanick/Documents/Projects/shubham-blog/src/layouts/BlogFooter.vue","statementMap":{"0":{"start":{"line":7,"column":15},"end":{"line":7,"column":null}}},"fnMap":{},"branchMap":{},"s":{"0":1},"f":{},"b":{}}
,"/Users/shubhampramanick/Documents/Projects/shubham-blog/src/layouts/BlogHeader.vue": {"path":"/Users/shubhampramanick/Documents/Projects/shubham-blog/src/layouts/BlogHeader.vue","statementMap":{"0":{"start":{"line":12,"column":15},"end":{"line":12,"column":17}},"1":{"start":{"line":12,"column":20},"end":{"line":12,"column":null}}},"fnMap":{},"branchMap":{},"s":{"0":1,"1":1},"f":{},"b":{}}
}
