{"/Users/shubhampramanick/Documents/Projects/hello-world-2/src/assets/notfound.jpeg": {"path":"/Users/shubhampramanick/Documents/Projects/hello-world-2/src/assets/notfound.jpeg","statementMap":{"0":{"start":{"line":1,"column":0},"end":{"line":1,"column":19}}},"fnMap":{},"branchMap":{},"s":{"0":2},"f":{},"b":{},"_coverageSchema":"1a1c01bbd47fc00a2c39e90264f33305004495a9","hash":"8f4e03bf03db9f8cda9f398231d27c255c18bb2f"}
,"/Users/shubhampramanick/Documents/Projects/hello-world-2/src/assets/truecaller.svg": {"path":"/Users/shubhampramanick/Documents/Projects/hello-world-2/src/assets/truecaller.svg","statementMap":{"0":{"start":{"line":1,"column":0},"end":{"line":1,"column":19}}},"fnMap":{},"branchMap":{},"s":{"0":1},"f":{},"b":{},"_coverageSchema":"1a1c01bbd47fc00a2c39e90264f33305004495a9","hash":"b31d2f40440f690b959bfa8258d7b26cb5a707b1"}
,"/Users/shubhampramanick/Documents/Projects/hello-world-2/src/components/BlogBanner.vue": {"path":"/Users/shubhampramanick/Documents/Projects/hello-world-2/src/components/BlogBanner.vue","statementMap":{"0":{"start":{"line":19,"column":15},"end":{"line":19,"column":17}},"1":{"start":{"line":19,"column":20},"end":{"line":19,"column":null}}},"fnMap":{},"branchMap":{},"s":{"0":1,"1":1},"f":{},"b":{}}
,"/Users/shubhampramanick/Documents/Projects/hello-world-2/src/components/BlogCard.vue": {"path":"/Users/shubhampramanick/Documents/Projects/hello-world-2/src/components/BlogCard.vue","statementMap":{"0":{"start":{"line":24,"column":15},"end":{"line":24,"column":17}},"1":{"start":{"line":24,"column":20},"end":{"line":24,"column":null}}},"fnMap":{},"branchMap":{},"s":{"0":1,"1":1},"f":{},"b":{}}
,"/Users/shubhampramanick/Documents/Projects/hello-world-2/src/layouts/BlogFooter.vue": {"path":"/Users/shubhampramanick/Documents/Projects/hello-world-2/src/layouts/BlogFooter.vue","statementMap":{"0":{"start":{"line":7,"column":15},"end":{"line":7,"column":null}}},"fnMap":{},"branchMap":{},"s":{"0":1},"f":{},"b":{}}
,"/Users/shubhampramanick/Documents/Projects/hello-world-2/src/layouts/BlogHeader.vue": {"path":"/Users/shubhampramanick/Documents/Projects/hello-world-2/src/layouts/BlogHeader.vue","statementMap":{"0":{"start":{"line":9,"column":15},"end":{"line":9,"column":null}}},"fnMap":{},"branchMap":{},"s":{"0":1},"f":{},"b":{}}
}
